<?xml version="1.0" encoding="UTF-8"?>
<!-- Generated by org.testng.reporters.JUnitReportReporter -->
<testsuite hostname="LAPTOP-A53TTVVU" failures="0" tests="2" name="QAClickAcadamey.ExtentReports.ExtentReportDemo" time="0.105" errors="1" timestamp="2020-06-11T19:01:04 IST" skipped="1">
  <testcase classname="QAClickAcadamey.ExtentReports.ExtentReportDemo" name="intialDemo" time="0.000">
    <skipped/>
  </testcase> <!-- intialDemo -->
  <system-out/>
  <testcase classname="QAClickAcadamey.ExtentReports.ExtentReportDemo" name="config" time="0.105">
    <error message="host and port should be specified in host:port format" type="com.mongodb.MongoException">
      <![CDATA[com.mongodb.MongoException: host and port should be specified in host:port format
at com.mongodb.ServerAddress.<init>(ServerAddress.java:122)
at com.mongodb.MongoClient.<init>(MongoClient.java:145)
at com.aventstack.extentreports.reporter.ExtentXReporter.<init>(ExtentXReporter.java:82)
at QAClickAcadamey.ExtentReports.ExtentReportDemo.config(ExtentReportDemo.java:26)
at java.base/jdk.internal.reflect.NativeMethodAccessorImpl.invoke0(Native Method)
at java.base/jdk.internal.reflect.NativeMethodAccessorImpl.invoke(NativeMethodAccessorImpl.java:62)
at java.base/jdk.internal.reflect.DelegatingMethodAccessorImpl.invoke(DelegatingMethodAccessorImpl.java:43)
at java.base/java.lang.reflect.Method.invoke(Method.java:564)
at org.testng.internal.MethodInvocationHelper.invokeMethod(MethodInvocationHelper.java:135)
at org.testng.internal.MethodInvocationHelper.invokeMethodConsideringTimeout(MethodInvocationHelper.java:64)
at org.testng.internal.ConfigInvoker.invokeConfigurationMethod(ConfigInvoker.java:364)
at org.testng.internal.ConfigInvoker.invokeConfigurations(ConfigInvoker.java:318)
at org.testng.TestRunner.invokeTestConfigurations(TestRunner.java:620)
at org.testng.TestRunner.beforeRun(TestRunner.java:610)
at org.testng.TestRunner.run(TestRunner.java:581)
at org.testng.SuiteRunner.runTest(SuiteRunner.java:384)
at org.testng.SuiteRunner.runSequentially(SuiteRunner.java:378)
at org.testng.SuiteRunner.privateRun(SuiteRunner.java:337)
at org.testng.SuiteRunner.run(SuiteRunner.java:286)
at org.testng.SuiteRunnerWorker.runSuite(SuiteRunnerWorker.java:53)
at org.testng.SuiteRunnerWorker.run(SuiteRunnerWorker.java:96)
at org.testng.TestNG.runSuitesSequentially(TestNG.java:1214)
at org.testng.TestNG.runSuitesLocally(TestNG.java:1136)
at org.testng.TestNG.runSuites(TestNG.java:1066)
at org.testng.TestNG.run(TestNG.java:1034)
at org.testng.remote.AbstractRemoteTestNG.run(AbstractRemoteTestNG.java:115)
at org.testng.remote.RemoteTestNG.initAndRun(RemoteTestNG.java:251)
at org.testng.remote.RemoteTestNG.main(RemoteTestNG.java:77)
]]>
    </error>
  </testcase> <!-- config -->
  <system-out/>
</testsuite> <!-- QAClickAcadamey.ExtentReports.ExtentReportDemo -->
